==855057== Memcheck, a memory error detector
==855057== Copyright (C) 2002-2017, and GNU GPL'd, by Julian Seward et al.
==855057== Using Valgrind-3.18.1 and LibVEX; rerun with -h for copyright info
==855057== Command: ./pipex input.txt ls\ -la wc\ -l out.txt
==855057== Parent PID: 854310
==855057== 
==855057== 
==855057== FILE DESCRIPTORS: 7 open (3 std) at exit.
==855057== Open file descriptor 103: /usr/share/code/v8_context_snapshot.bin
==855057==    <inherited from parent>
==855057== 
==855057== Open file descriptor 44: /dev/ptmx
==855057==    <inherited from parent>
==855057== 
==855057== Open file descriptor 43: /home/hdougoud/.config/Code/logs/20250127T133635/ptyhost.log
==855057==    <inherited from parent>
==855057== 
==855057== Open file descriptor 3: /home/hdougoud/Documents/Pipex/Pipex V1/valgrind.log
==855057==    <inherited from parent>
==855057== 
==855057== Open file descriptor 2: /dev/pts/2
==855057==    <inherited from parent>
==855057== 
==855057== Open file descriptor 1: /dev/pts/2
==855057==    <inherited from parent>
==855057== 
==855057== Open file descriptor 0: /dev/pts/2
==855057==    <inherited from parent>
==855057== 
==855057== 
==855057== HEAP SUMMARY:
==855057==     in use at exit: 0 bytes in 0 blocks
==855057==   total heap usage: 45 allocs, 45 frees, 844 bytes allocated
==855057== 
==855057== All heap blocks were freed -- no leaks are possible
==855057== 
==855057== For lists of detected and suppressed errors, rerun with: -s
==855057== ERROR SUMMARY: 0 errors from 0 contexts (suppressed: 0 from 0)
